<?xml version="1.0" encoding="UTF-8"?>
<testng-results ignored="0" total="5" passed="4" failed="1" skipped="0">
  <reporter-output>
  </reporter-output>
  <suite started-at="2020-07-24T04:01:17 PDT" name="Suite" finished-at="2020-07-24T04:01:44 PDT" duration-ms="27148">
    <groups>
    </groups>
    <test started-at="2020-07-24T04:01:17 PDT" name="Test" finished-at="2020-07-24T04:01:44 PDT" duration-ms="27148">
      <class name="com.flipkart.qa.testclasses.AddToCartPageTest">
        <test-method is-config="true" signature="setUp()[pri:0, instance:com.flipkart.qa.testclasses.AddToCartPageTest@be64738]" started-at="2020-07-24T04:01:27 PDT" name="setUp" finished-at="2020-07-24T04:01:27 PDT" duration-ms="2" status="PASS">
          <reporter-output>
          </reporter-output>
        </test-method> <!-- setUp -->
        <test-method signature="AddToCartTest()[pri:0, instance:com.flipkart.qa.testclasses.AddToCartPageTest@be64738]" started-at="2020-07-24T04:01:27 PDT" name="AddToCartTest" finished-at="2020-07-24T04:01:43 PDT" duration-ms="15794" status="FAIL">
          <exception class="java.lang.IllegalArgumentException">
            <message>
              <![CDATA[bound must be positive]]>
            </message>
            <full-stacktrace>
              <![CDATA[java.lang.IllegalArgumentException: bound must be positive
at java.base/java.util.Random.nextInt(Random.java:388)
at com.flipkart.qa.pages.HomePage.selectRandomProduct(HomePage.java:73)
at com.flipkart.qa.testclasses.AddToCartPageTest.AddToCartTest(AddToCartPageTest.java:37)
at java.base/jdk.internal.reflect.NativeMethodAccessorImpl.invoke0(Native Method)
at java.base/jdk.internal.reflect.NativeMethodAccessorImpl.invoke(NativeMethodAccessorImpl.java:62)
at java.base/jdk.internal.reflect.DelegatingMethodAccessorImpl.invoke(DelegatingMethodAccessorImpl.java:43)
at java.base/java.lang.reflect.Method.invoke(Method.java:564)
at org.testng.internal.MethodInvocationHelper.invokeMethod(MethodInvocationHelper.java:134)
at org.testng.internal.TestInvoker.invokeMethod(TestInvoker.java:597)
at org.testng.internal.TestInvoker.invokeTestMethod(TestInvoker.java:173)
at org.testng.internal.MethodRunner.runInSequence(MethodRunner.java:46)
at org.testng.internal.TestInvoker$MethodInvocationAgent.invoke(TestInvoker.java:816)
at org.testng.internal.TestInvoker.invokeTestMethods(TestInvoker.java:146)
at org.testng.internal.TestMethodWorker.invokeTestMethods(TestMethodWorker.java:146)
at org.testng.internal.TestMethodWorker.run(TestMethodWorker.java:128)
at java.base/java.util.ArrayList.forEach(ArrayList.java:1510)
at org.testng.TestRunner.privateRun(TestRunner.java:766)
at org.testng.TestRunner.run(TestRunner.java:587)
at org.testng.SuiteRunner.runTest(SuiteRunner.java:384)
at org.testng.SuiteRunner.runSequentially(SuiteRunner.java:378)
at org.testng.SuiteRunner.privateRun(SuiteRunner.java:337)
at org.testng.SuiteRunner.run(SuiteRunner.java:286)
at org.testng.SuiteRunnerWorker.runSuite(SuiteRunnerWorker.java:53)
at org.testng.SuiteRunnerWorker.run(SuiteRunnerWorker.java:96)
at org.testng.TestNG.runSuitesSequentially(TestNG.java:1187)
at org.testng.TestNG.runSuitesLocally(TestNG.java:1109)
at org.testng.TestNG.runSuites(TestNG.java:1039)
at org.testng.TestNG.run(TestNG.java:1007)
at org.testng.remote.AbstractRemoteTestNG.run(AbstractRemoteTestNG.java:115)
at org.testng.remote.RemoteTestNG.initAndRun(RemoteTestNG.java:251)
at org.testng.remote.RemoteTestNG.main(RemoteTestNG.java:77)
]]>
            </full-stacktrace>
          </exception> <!-- java.lang.IllegalArgumentException -->
          <reporter-output>
          </reporter-output>
        </test-method> <!-- AddToCartTest -->
      </class> <!-- com.flipkart.qa.testclasses.AddToCartPageTest -->
      <class name="com.flipkart.qa.testclasses.HomePageTest">
        <test-method signature="Login(java.lang.String, java.lang.String)[pri:1, instance:com.flipkart.qa.testclasses.HomePageTest@6f96c77]" started-at="2020-07-24T04:01:17 PDT" name="Login" description="This Test will login to Flipkart" data-provider="getData" finished-at="2020-07-24T04:01:27 PDT" duration-ms="10293" status="PASS">
          <params>
            <param index="0">
              <value>
                <![CDATA[karuna.bhuruk@gmail.com]]>
              </value>
            </param>
            <param index="1">
              <value>
                <![CDATA[Flipkart@123]]>
              </value>
            </param>
          </params>
          <reporter-output>
          </reporter-output>
        </test-method> <!-- Login -->
        <test-method signature="verifyHomePageLabelTest()[pri:2, instance:com.flipkart.qa.testclasses.HomePageTest@6f96c77]" started-at="2020-07-24T04:01:27 PDT" name="verifyHomePageLabelTest" description="This Test will verify Home Page label" finished-at="2020-07-24T04:01:27 PDT" duration-ms="73" status="PASS">
          <reporter-output>
          </reporter-output>
        </test-method> <!-- verifyHomePageLabelTest -->
      </class> <!-- com.flipkart.qa.testclasses.HomePageTest -->
      <class name="com.flipkart.qa.testclasses.LogoutPageTest">
        <test-method is-config="true" signature="setUp()[pri:0, instance:com.flipkart.qa.testclasses.LogoutPageTest@3ba9ad43]" started-at="2020-07-24T04:01:43 PDT" name="setUp" finished-at="2020-07-24T04:01:43 PDT" duration-ms="3" status="PASS">
          <reporter-output>
          </reporter-output>
        </test-method> <!-- setUp -->
        <test-method signature="LogoutTest()[pri:0, instance:com.flipkart.qa.testclasses.LogoutPageTest@3ba9ad43]" started-at="2020-07-24T04:01:43 PDT" name="LogoutTest" finished-at="2020-07-24T04:01:43 PDT" duration-ms="270" status="PASS">
          <reporter-output>
          </reporter-output>
        </test-method> <!-- LogoutTest -->
        <test-method is-config="true" signature="setUp()[pri:0, instance:com.flipkart.qa.testclasses.LogoutPageTest@3ba9ad43]" started-at="2020-07-24T04:01:43 PDT" name="setUp" finished-at="2020-07-24T04:01:43 PDT" duration-ms="2" status="PASS">
          <reporter-output>
          </reporter-output>
        </test-method> <!-- setUp -->
        <test-method signature="TearDown()[pri:0, instance:com.flipkart.qa.testclasses.LogoutPageTest@3ba9ad43]" started-at="2020-07-24T04:01:43 PDT" name="TearDown" finished-at="2020-07-24T04:01:44 PDT" duration-ms="645" status="PASS">
          <reporter-output>
          </reporter-output>
        </test-method> <!-- TearDown -->
      </class> <!-- com.flipkart.qa.testclasses.LogoutPageTest -->
    </test> <!-- Test -->
  </suite> <!-- Suite -->
</testng-results>
