<?xml version="1.0" encoding="UTF-8"?>
<!-- Generated by org.testng.reporters.JUnitXMLReporter -->
<testsuite ignored="0" hostname="DESKTOP-AGBCM7S" failures="1" tests="5" name="Test" time="27.148" errors="0" timestamp="2020-07-24T04:01:44 PDT">
  <testcase classname="com.flipkart.qa.testclasses.HomePageTest" name="Login" time="10.293"/>
  <testcase classname="com.flipkart.qa.testclasses.HomePageTest" name="verifyHomePageLabelTest" time="0.073"/>
  <testcase classname="com.flipkart.qa.testclasses.AddToCartPageTest" name="AddToCartTest" time="15.794">
    <failure type="java.lang.IllegalArgumentException" message="bound must be positive">
      <![CDATA[java.lang.IllegalArgumentException: bound must be positive
at java.base/java.util.Random.nextInt(Random.java:388)
at com.flipkart.qa.pages.HomePage.selectRandomProduct(HomePage.java:73)
at com.flipkart.qa.testclasses.AddToCartPageTest.AddToCartTest(AddToCartPageTest.java:37)
at java.base/java.util.ArrayList.forEach(ArrayList.java:1510)
... Removed 27 stack frames]]>
    </failure>
  </testcase> <!-- AddToCartTest -->
  <testcase classname="com.flipkart.qa.testclasses.LogoutPageTest" name="LogoutTest" time="0.27"/>
  <testcase classname="com.flipkart.qa.testclasses.LogoutPageTest" name="TearDown" time="0.645"/>
</testsuite> <!-- Test -->
